[2026-04-05T19:40:42.559Z] [INFO] Scheduled task: Full anatomy rescan (0 */6 * * *)
[2026-04-05T19:40:42.562Z] [INFO] Scheduled task: Consolidate old memory (0 2 * * *)
[2026-04-05T19:40:42.563Z] [INFO] Scheduled task: Token audit report (0 0 * * 1)
[2026-04-05T19:40:42.563Z] [INFO] Scheduled task: Cerebrum reflection (0 3 * * 0)
[2026-04-05T19:40:42.564Z] [INFO] Scheduled task: AI suggestions (0 4 * * 1)
[2026-04-05T19:40:42.566Z] [INFO] File watcher started on .wolf/
[2026-04-05T19:40:42.567Z] [INFO] OpenWolf daemon started
[2026-04-05T19:40:42.567Z] [INFO] Dashboard server listening on port 18791
[2026-04-05T19:40:42.913Z] [INFO] Scheduled task: Full anatomy rescan (0 */6 * * *)
[2026-04-05T19:40:42.915Z] [INFO] Scheduled task: Consolidate old memory (0 2 * * *)
[2026-04-05T19:40:42.916Z] [INFO] Scheduled task: Token audit report (0 0 * * 1)
[2026-04-05T19:40:42.916Z] [INFO] Scheduled task: Cerebrum reflection (0 3 * * 0)
[2026-04-05T19:40:42.917Z] [INFO] Scheduled task: AI suggestions (0 4 * * 1)
[2026-04-05T19:40:42.919Z] [INFO] File watcher started on .wolf/
[2026-04-05T19:40:42.919Z] [INFO] OpenWolf daemon started
[2026-04-05T19:40:42.920Z] [INFO] Dashboard server listening on port 18791
[2026-04-05T19:40:43.263Z] [INFO] Scheduled task: Full anatomy rescan (0 */6 * * *)
[2026-04-05T19:40:43.265Z] [INFO] Scheduled task: Consolidate old memory (0 2 * * *)
[2026-04-05T19:40:43.266Z] [INFO] Scheduled task: Token audit report (0 0 * * 1)
[2026-04-05T19:40:43.267Z] [INFO] Scheduled task: Cerebrum reflection (0 3 * * 0)
[2026-04-05T19:40:43.267Z] [INFO] Scheduled task: AI suggestions (0 4 * * 1)
[2026-04-05T19:40:43.269Z] [INFO] File watcher started on .wolf/
[2026-04-05T19:40:43.270Z] [INFO] OpenWolf daemon started
[2026-04-05T19:40:43.271Z] [INFO] Dashboard server listening on port 18791
[2026-04-05T19:40:43.625Z] [INFO] Scheduled task: Full anatomy rescan (0 */6 * * *)
[2026-04-05T19:40:43.627Z] [INFO] Scheduled task: Consolidate old memory (0 2 * * *)
[2026-04-05T19:40:43.628Z] [INFO] Scheduled task: Token audit report (0 0 * * 1)
[2026-04-05T19:40:43.628Z] [INFO] Scheduled task: Cerebrum reflection (0 3 * * 0)
[2026-04-05T19:40:43.629Z] [INFO] Scheduled task: AI suggestions (0 4 * * 1)
[2026-04-05T19:40:43.631Z] [INFO] File watcher started on .wolf/
[2026-04-05T19:40:43.631Z] [INFO] OpenWolf daemon started
[2026-04-05T19:40:43.632Z] [INFO] Dashboard server listening on port 18791
[2026-04-05T19:40:43.974Z] [INFO] Scheduled task: Full anatomy rescan (0 */6 * * *)
[2026-04-05T19:40:43.976Z] [INFO] Scheduled task: Consolidate old memory (0 2 * * *)
[2026-04-05T19:40:43.976Z] [INFO] Scheduled task: Token audit report (0 0 * * 1)
[2026-04-05T19:40:43.977Z] [INFO] Scheduled task: Cerebrum reflection (0 3 * * 0)
[2026-04-05T19:40:43.977Z] [INFO] Scheduled task: AI suggestions (0 4 * * 1)
[2026-04-05T19:40:43.979Z] [INFO] File watcher started on .wolf/
[2026-04-05T19:40:43.980Z] [INFO] OpenWolf daemon started
[2026-04-05T19:40:43.981Z] [INFO] Dashboard server listening on port 18791
[2026-04-05T19:40:44.321Z] [INFO] Scheduled task: Full anatomy rescan (0 */6 * * *)
[2026-04-05T19:40:44.324Z] [INFO] Scheduled task: Consolidate old memory (0 2 * * *)
[2026-04-05T19:40:44.324Z] [INFO] Scheduled task: Token audit report (0 0 * * 1)
[2026-04-05T19:40:44.325Z] [INFO] Scheduled task: Cerebrum reflection (0 3 * * 0)
[2026-04-05T19:40:44.325Z] [INFO] Scheduled task: AI suggestions (0 4 * * 1)
[2026-04-05T19:40:44.327Z] [INFO] File watcher started on .wolf/
[2026-04-05T19:40:44.328Z] [INFO] OpenWolf daemon started
[2026-04-05T19:40:44.328Z] [INFO] Dashboard server listening on port 18791
[2026-04-05T19:40:44.660Z] [INFO] Scheduled task: Full anatomy rescan (0 */6 * * *)
[2026-04-05T19:40:44.663Z] [INFO] Scheduled task: Consolidate old memory (0 2 * * *)
[2026-04-05T19:40:44.663Z] [INFO] Scheduled task: Token audit report (0 0 * * 1)
[2026-04-05T19:40:44.664Z] [INFO] Scheduled task: Cerebrum reflection (0 3 * * 0)
[2026-04-05T19:40:44.664Z] [INFO] Scheduled task: AI suggestions (0 4 * * 1)
[2026-04-05T19:40:44.666Z] [INFO] File watcher started on .wolf/
[2026-04-05T19:40:44.667Z] [INFO] OpenWolf daemon started
[2026-04-05T19:40:44.667Z] [INFO] Dashboard server listening on port 18791
[2026-04-05T19:40:45.000Z] [INFO] Scheduled task: Full anatomy rescan (0 */6 * * *)
[2026-04-05T19:40:45.003Z] [INFO] Scheduled task: Consolidate old memory (0 2 * * *)
[2026-04-05T19:40:45.003Z] [INFO] Scheduled task: Token audit report (0 0 * * 1)
[2026-04-05T19:40:45.004Z] [INFO] Scheduled task: Cerebrum reflection (0 3 * * 0)
[2026-04-05T19:40:45.004Z] [INFO] Scheduled task: AI suggestions (0 4 * * 1)
[2026-04-05T19:40:45.006Z] [INFO] File watcher started on .wolf/
[2026-04-05T19:40:45.007Z] [INFO] OpenWolf daemon started
[2026-04-05T19:40:45.007Z] [INFO] Dashboard server listening on port 18791
[2026-04-05T19:40:45.353Z] [INFO] Scheduled task: Full anatomy rescan (0 */6 * * *)
[2026-04-05T19:40:45.355Z] [INFO] Scheduled task: Consolidate old memory (0 2 * * *)
[2026-04-05T19:40:45.356Z] [INFO] Scheduled task: Token audit report (0 0 * * 1)
[2026-04-05T19:40:45.356Z] [INFO] Scheduled task: Cerebrum reflection (0 3 * * 0)
[2026-04-05T19:40:45.357Z] [INFO] Scheduled task: AI suggestions (0 4 * * 1)
[2026-04-05T19:40:45.358Z] [INFO] File watcher started on .wolf/
[2026-04-05T19:40:45.359Z] [INFO] OpenWolf daemon started
[2026-04-05T19:40:45.360Z] [INFO] Dashboard server listening on port 18791
[2026-04-05T19:40:45.694Z] [INFO] Scheduled task: Full anatomy rescan (0 */6 * * *)
[2026-04-05T19:40:45.696Z] [INFO] Scheduled task: Consolidate old memory (0 2 * * *)
[2026-04-05T19:40:45.697Z] [INFO] Scheduled task: Token audit report (0 0 * * 1)
[2026-04-05T19:40:45.697Z] [INFO] Scheduled task: Cerebrum reflection (0 3 * * 0)
[2026-04-05T19:40:45.698Z] [INFO] Scheduled task: AI suggestions (0 4 * * 1)
[2026-04-05T19:40:45.700Z] [INFO] File watcher started on .wolf/
[2026-04-05T19:40:45.700Z] [INFO] OpenWolf daemon started
[2026-04-05T19:40:45.701Z] [INFO] Dashboard server listening on port 18791
[2026-04-05T19:40:46.036Z] [INFO] Scheduled task: Full anatomy rescan (0 */6 * * *)
[2026-04-05T19:40:46.038Z] [INFO] Scheduled task: Consolidate old memory (0 2 * * *)
[2026-04-05T19:40:46.039Z] [INFO] Scheduled task: Token audit report (0 0 * * 1)
[2026-04-05T19:40:46.039Z] [INFO] Scheduled task: Cerebrum reflection (0 3 * * 0)
[2026-04-05T19:40:46.040Z] [INFO] Scheduled task: AI suggestions (0 4 * * 1)
[2026-04-05T19:40:46.041Z] [INFO] File watcher started on .wolf/
[2026-04-05T19:40:46.042Z] [INFO] OpenWolf daemon started
[2026-04-05T19:40:46.043Z] [INFO] Dashboard server listening on port 18791
[2026-04-05T19:40:46.381Z] [INFO] Scheduled task: Full anatomy rescan (0 */6 * * *)
[2026-04-05T19:40:46.384Z] [INFO] Scheduled task: Consolidate old memory (0 2 * * *)
[2026-04-05T19:40:46.384Z] [INFO] Scheduled task: Token audit report (0 0 * * 1)
[2026-04-05T19:40:46.385Z] [INFO] Scheduled task: Cerebrum reflection (0 3 * * 0)
[2026-04-05T19:40:46.385Z] [INFO] Scheduled task: AI suggestions (0 4 * * 1)
[2026-04-05T19:40:46.387Z] [INFO] File watcher started on .wolf/
[2026-04-05T19:40:46.388Z] [INFO] OpenWolf daemon started
[2026-04-05T19:40:46.389Z] [INFO] Dashboard server listening on port 18791
[2026-04-05T19:40:46.735Z] [INFO] Scheduled task: Full anatomy rescan (0 */6 * * *)
[2026-04-05T19:40:46.737Z] [INFO] Scheduled task: Consolidate old memory (0 2 * * *)
[2026-04-05T19:40:46.738Z] [INFO] Scheduled task: Token audit report (0 0 * * 1)
[2026-04-05T19:40:46.738Z] [INFO] Scheduled task: Cerebrum reflection (0 3 * * 0)
[2026-04-05T19:40:46.739Z] [INFO] Scheduled task: AI suggestions (0 4 * * 1)
[2026-04-05T19:40:46.741Z] [INFO] File watcher started on .wolf/
[2026-04-05T19:40:46.742Z] [INFO] OpenWolf daemon started
[2026-04-05T19:40:46.742Z] [INFO] Dashboard server listening on port 18791
[2026-04-05T19:40:47.088Z] [INFO] Scheduled task: Full anatomy rescan (0 */6 * * *)
[2026-04-05T19:40:47.091Z] [INFO] Scheduled task: Consolidate old memory (0 2 * * *)
[2026-04-05T19:40:47.091Z] [INFO] Scheduled task: Token audit report (0 0 * * 1)
[2026-04-05T19:40:47.092Z] [INFO] Scheduled task: Cerebrum reflection (0 3 * * 0)
[2026-04-05T19:40:47.092Z] [INFO] Scheduled task: AI suggestions (0 4 * * 1)
[2026-04-05T19:40:47.094Z] [INFO] File watcher started on .wolf/
[2026-04-05T19:40:47.095Z] [INFO] OpenWolf daemon started
[2026-04-05T19:40:47.096Z] [INFO] Dashboard server listening on port 18791
[2026-04-05T19:40:47.439Z] [INFO] Scheduled task: Full anatomy rescan (0 */6 * * *)
[2026-04-05T19:40:47.441Z] [INFO] Scheduled task: Consolidate old memory (0 2 * * *)
[2026-04-05T19:40:47.442Z] [INFO] Scheduled task: Token audit report (0 0 * * 1)
[2026-04-05T19:40:47.442Z] [INFO] Scheduled task: Cerebrum reflection (0 3 * * 0)
[2026-04-05T19:40:47.443Z] [INFO] Scheduled task: AI suggestions (0 4 * * 1)
[2026-04-05T19:40:47.445Z] [INFO] File watcher started on .wolf/
[2026-04-05T19:40:47.446Z] [INFO] OpenWolf daemon started
[2026-04-05T19:40:47.447Z] [INFO] Dashboard server listening on port 18791
[2026-04-05T19:40:47.830Z] [INFO] Scheduled task: Full anatomy rescan (0 */6 * * *)
[2026-04-05T19:40:47.833Z] [INFO] Scheduled task: Consolidate old memory (0 2 * * *)
[2026-04-05T19:40:47.833Z] [INFO] Scheduled task: Token audit report (0 0 * * 1)
[2026-04-05T19:40:47.834Z] [INFO] Scheduled task: Cerebrum reflection (0 3 * * 0)
[2026-04-05T19:40:47.834Z] [INFO] Scheduled task: AI suggestions (0 4 * * 1)
[2026-04-05T19:40:47.836Z] [INFO] File watcher started on .wolf/
[2026-04-05T19:40:47.837Z] [INFO] OpenWolf daemon started
[2026-04-05T19:40:47.838Z] [INFO] Dashboard server listening on port 18791
